analyze -format sverilog {   adder.sv   flopr.sv   imm_Gen.sv   mux2.sv   datamemory.sv   instructionmemory.sv   ALUController.sv   alu.sv   RegFile.sv   Controller.sv   Datapath.sv   RISC_V.sv   IFIDFlop.sv   IDEXFlop.sv   EXMEMFlop.sv   MEMWBFlop.sv   Forwarding.sv   HazardDetection.sv   BranchDetection.sv }
Running PRESTO HDLC
Searching for ./adder.sv
Searching for /ecelib/linware/synopsys15/dc/libraries/syn/adder.sv
Searching for /ecelib/linware/synopsys15/dc/packages/adder.sv
Searching for /ecelib/linware/synopsys15/dc/packages/IEEE/adder.sv
Searching for /users/ugrad2/2012/spring/pooriam/libraries/adder.sv
Searching for /users/ugrad/2018/winter/utanniru/EECS112L/Labs/Lab3/Lab_Files/design/adder.sv
Searching for ./flopr.sv
Searching for /ecelib/linware/synopsys15/dc/libraries/syn/flopr.sv
Searching for /ecelib/linware/synopsys15/dc/packages/flopr.sv
Searching for /ecelib/linware/synopsys15/dc/packages/IEEE/flopr.sv
Searching for /users/ugrad2/2012/spring/pooriam/libraries/flopr.sv
Searching for /users/ugrad/2018/winter/utanniru/EECS112L/Labs/Lab3/Lab_Files/design/flopr.sv
Searching for ./imm_Gen.sv
Searching for /ecelib/linware/synopsys15/dc/libraries/syn/imm_Gen.sv
Searching for /ecelib/linware/synopsys15/dc/packages/imm_Gen.sv
Searching for /ecelib/linware/synopsys15/dc/packages/IEEE/imm_Gen.sv
Searching for /users/ugrad2/2012/spring/pooriam/libraries/imm_Gen.sv
Searching for /users/ugrad/2018/winter/utanniru/EECS112L/Labs/Lab3/Lab_Files/design/imm_Gen.sv
Searching for ./mux2.sv
Searching for /ecelib/linware/synopsys15/dc/libraries/syn/mux2.sv
Searching for /ecelib/linware/synopsys15/dc/packages/mux2.sv
Searching for /ecelib/linware/synopsys15/dc/packages/IEEE/mux2.sv
Searching for /users/ugrad2/2012/spring/pooriam/libraries/mux2.sv
Searching for /users/ugrad/2018/winter/utanniru/EECS112L/Labs/Lab3/Lab_Files/design/mux2.sv
Searching for ./datamemory.sv
Searching for /ecelib/linware/synopsys15/dc/libraries/syn/datamemory.sv
Searching for /ecelib/linware/synopsys15/dc/packages/datamemory.sv
Searching for /ecelib/linware/synopsys15/dc/packages/IEEE/datamemory.sv
Searching for /users/ugrad2/2012/spring/pooriam/libraries/datamemory.sv
Searching for /users/ugrad/2018/winter/utanniru/EECS112L/Labs/Lab3/Lab_Files/design/datamemory.sv
Searching for ./instructionmemory.sv
Searching for /ecelib/linware/synopsys15/dc/libraries/syn/instructionmemory.sv
Searching for /ecelib/linware/synopsys15/dc/packages/instructionmemory.sv
Searching for /ecelib/linware/synopsys15/dc/packages/IEEE/instructionmemory.sv
Searching for /users/ugrad2/2012/spring/pooriam/libraries/instructionmemory.sv
Searching for /users/ugrad/2018/winter/utanniru/EECS112L/Labs/Lab3/Lab_Files/design/instructionmemory.sv
Searching for ./ALUController.sv
Searching for /ecelib/linware/synopsys15/dc/libraries/syn/ALUController.sv
Searching for /ecelib/linware/synopsys15/dc/packages/ALUController.sv
Searching for /ecelib/linware/synopsys15/dc/packages/IEEE/ALUController.sv
Searching for /users/ugrad2/2012/spring/pooriam/libraries/ALUController.sv
Searching for /users/ugrad/2018/winter/utanniru/EECS112L/Labs/Lab3/Lab_Files/design/ALUController.sv
Searching for ./alu.sv
Searching for /ecelib/linware/synopsys15/dc/libraries/syn/alu.sv
Searching for /ecelib/linware/synopsys15/dc/packages/alu.sv
Searching for /ecelib/linware/synopsys15/dc/packages/IEEE/alu.sv
Searching for /users/ugrad2/2012/spring/pooriam/libraries/alu.sv
Searching for /users/ugrad/2018/winter/utanniru/EECS112L/Labs/Lab3/Lab_Files/design/alu.sv
Searching for ./RegFile.sv
Searching for /ecelib/linware/synopsys15/dc/libraries/syn/RegFile.sv
Searching for /ecelib/linware/synopsys15/dc/packages/RegFile.sv
Searching for /ecelib/linware/synopsys15/dc/packages/IEEE/RegFile.sv
Searching for /users/ugrad2/2012/spring/pooriam/libraries/RegFile.sv
Searching for /users/ugrad/2018/winter/utanniru/EECS112L/Labs/Lab3/Lab_Files/design/RegFile.sv
Searching for ./Controller.sv
Searching for /ecelib/linware/synopsys15/dc/libraries/syn/Controller.sv
Searching for /ecelib/linware/synopsys15/dc/packages/Controller.sv
Searching for /ecelib/linware/synopsys15/dc/packages/IEEE/Controller.sv
Searching for /users/ugrad2/2012/spring/pooriam/libraries/Controller.sv
Searching for /users/ugrad/2018/winter/utanniru/EECS112L/Labs/Lab3/Lab_Files/design/Controller.sv
Searching for ./Datapath.sv
Searching for /ecelib/linware/synopsys15/dc/libraries/syn/Datapath.sv
Searching for /ecelib/linware/synopsys15/dc/packages/Datapath.sv
Searching for /ecelib/linware/synopsys15/dc/packages/IEEE/Datapath.sv
Searching for /users/ugrad2/2012/spring/pooriam/libraries/Datapath.sv
Searching for /users/ugrad/2018/winter/utanniru/EECS112L/Labs/Lab3/Lab_Files/design/Datapath.sv
Searching for ./RISC_V.sv
Searching for /ecelib/linware/synopsys15/dc/libraries/syn/RISC_V.sv
Searching for /ecelib/linware/synopsys15/dc/packages/RISC_V.sv
Searching for /ecelib/linware/synopsys15/dc/packages/IEEE/RISC_V.sv
Searching for /users/ugrad2/2012/spring/pooriam/libraries/RISC_V.sv
Searching for /users/ugrad/2018/winter/utanniru/EECS112L/Labs/Lab3/Lab_Files/design/RISC_V.sv
Searching for ./IFIDFlop.sv
Searching for /ecelib/linware/synopsys15/dc/libraries/syn/IFIDFlop.sv
Searching for /ecelib/linware/synopsys15/dc/packages/IFIDFlop.sv
Searching for /ecelib/linware/synopsys15/dc/packages/IEEE/IFIDFlop.sv
Searching for /users/ugrad2/2012/spring/pooriam/libraries/IFIDFlop.sv
Searching for /users/ugrad/2018/winter/utanniru/EECS112L/Labs/Lab3/Lab_Files/design/IFIDFlop.sv
Searching for ./IDEXFlop.sv
Searching for /ecelib/linware/synopsys15/dc/libraries/syn/IDEXFlop.sv
Searching for /ecelib/linware/synopsys15/dc/packages/IDEXFlop.sv
Searching for /ecelib/linware/synopsys15/dc/packages/IEEE/IDEXFlop.sv
Searching for /users/ugrad2/2012/spring/pooriam/libraries/IDEXFlop.sv
Searching for /users/ugrad/2018/winter/utanniru/EECS112L/Labs/Lab3/Lab_Files/design/IDEXFlop.sv
Searching for ./EXMEMFlop.sv
Searching for /ecelib/linware/synopsys15/dc/libraries/syn/EXMEMFlop.sv
Searching for /ecelib/linware/synopsys15/dc/packages/EXMEMFlop.sv
Searching for /ecelib/linware/synopsys15/dc/packages/IEEE/EXMEMFlop.sv
Searching for /users/ugrad2/2012/spring/pooriam/libraries/EXMEMFlop.sv
Searching for /users/ugrad/2018/winter/utanniru/EECS112L/Labs/Lab3/Lab_Files/design/EXMEMFlop.sv
Searching for ./MEMWBFlop.sv
Searching for /ecelib/linware/synopsys15/dc/libraries/syn/MEMWBFlop.sv
Searching for /ecelib/linware/synopsys15/dc/packages/MEMWBFlop.sv
Searching for /ecelib/linware/synopsys15/dc/packages/IEEE/MEMWBFlop.sv
Searching for /users/ugrad2/2012/spring/pooriam/libraries/MEMWBFlop.sv
Searching for /users/ugrad/2018/winter/utanniru/EECS112L/Labs/Lab3/Lab_Files/design/MEMWBFlop.sv
Searching for ./Forwarding.sv
Searching for /ecelib/linware/synopsys15/dc/libraries/syn/Forwarding.sv
Searching for /ecelib/linware/synopsys15/dc/packages/Forwarding.sv
Searching for /ecelib/linware/synopsys15/dc/packages/IEEE/Forwarding.sv
Searching for /users/ugrad2/2012/spring/pooriam/libraries/Forwarding.sv
Searching for /users/ugrad/2018/winter/utanniru/EECS112L/Labs/Lab3/Lab_Files/design/Forwarding.sv
Searching for ./HazardDetection.sv
Searching for /ecelib/linware/synopsys15/dc/libraries/syn/HazardDetection.sv
Searching for /ecelib/linware/synopsys15/dc/packages/HazardDetection.sv
Searching for /ecelib/linware/synopsys15/dc/packages/IEEE/HazardDetection.sv
Searching for /users/ugrad2/2012/spring/pooriam/libraries/HazardDetection.sv
Searching for /users/ugrad/2018/winter/utanniru/EECS112L/Labs/Lab3/Lab_Files/design/HazardDetection.sv
Searching for ./BranchDetection.sv
Searching for /ecelib/linware/synopsys15/dc/libraries/syn/BranchDetection.sv
Searching for /ecelib/linware/synopsys15/dc/packages/BranchDetection.sv
Searching for /ecelib/linware/synopsys15/dc/packages/IEEE/BranchDetection.sv
Searching for /users/ugrad2/2012/spring/pooriam/libraries/BranchDetection.sv
Searching for /users/ugrad/2018/winter/utanniru/EECS112L/Labs/Lab3/Lab_Files/design/BranchDetection.sv
Compiling source file /users/ugrad/2018/winter/utanniru/EECS112L/Labs/Lab3/Lab_Files/design/adder.sv
Compiling source file /users/ugrad/2018/winter/utanniru/EECS112L/Labs/Lab3/Lab_Files/design/flopr.sv
Compiling source file /users/ugrad/2018/winter/utanniru/EECS112L/Labs/Lab3/Lab_Files/design/imm_Gen.sv
Compiling source file /users/ugrad/2018/winter/utanniru/EECS112L/Labs/Lab3/Lab_Files/design/mux2.sv
Compiling source file /users/ugrad/2018/winter/utanniru/EECS112L/Labs/Lab3/Lab_Files/design/datamemory.sv
Compiling source file /users/ugrad/2018/winter/utanniru/EECS112L/Labs/Lab3/Lab_Files/design/instructionmemory.sv
Compiling source file /users/ugrad/2018/winter/utanniru/EECS112L/Labs/Lab3/Lab_Files/design/ALUController.sv
Compiling source file /users/ugrad/2018/winter/utanniru/EECS112L/Labs/Lab3/Lab_Files/design/alu.sv
Compiling source file /users/ugrad/2018/winter/utanniru/EECS112L/Labs/Lab3/Lab_Files/design/RegFile.sv
Compiling source file /users/ugrad/2018/winter/utanniru/EECS112L/Labs/Lab3/Lab_Files/design/Controller.sv
Compiling source file /users/ugrad/2018/winter/utanniru/EECS112L/Labs/Lab3/Lab_Files/design/Datapath.sv
Warning:  /users/ugrad/2018/winter/utanniru/EECS112L/Labs/Lab3/Lab_Files/design/Datapath.sv:97: the undeclared symbol 'BranchMEM' assumed to have the default net type, which is 'wire'. (VER-936)
Compiling source file /users/ugrad/2018/winter/utanniru/EECS112L/Labs/Lab3/Lab_Files/design/RISC_V.sv
Compiling source file /users/ugrad/2018/winter/utanniru/EECS112L/Labs/Lab3/Lab_Files/design/IFIDFlop.sv
Compiling source file /users/ugrad/2018/winter/utanniru/EECS112L/Labs/Lab3/Lab_Files/design/IDEXFlop.sv
Compiling source file /users/ugrad/2018/winter/utanniru/EECS112L/Labs/Lab3/Lab_Files/design/EXMEMFlop.sv
Compiling source file /users/ugrad/2018/winter/utanniru/EECS112L/Labs/Lab3/Lab_Files/design/MEMWBFlop.sv
Compiling source file /users/ugrad/2018/winter/utanniru/EECS112L/Labs/Lab3/Lab_Files/design/Forwarding.sv
Compiling source file /users/ugrad/2018/winter/utanniru/EECS112L/Labs/Lab3/Lab_Files/design/HazardDetection.sv
Compiling source file /users/ugrad/2018/winter/utanniru/EECS112L/Labs/Lab3/Lab_Files/design/BranchDetection.sv
Presto compilation completed successfully.
Loading db file '/users/ugrad2/2012/spring/pooriam/libraries/saed32lvt_tt1p05vn40c.db'
Loading db file '/users/ugrad2/2012/spring/pooriam/libraries/saed32sram_tt1p05vn40c.db'
Loading db file '/ecelib/linware/synopsys15/dc/libraries/syn/dw_foundation.sldb'
1
1
